[INFO]: 2019-07-04 17:16:58,517 - Boostraping 'umbundu' language with []
[WARNING]: 2019-07-04 17:16:58,517 - There is no files to add to 'umbundu' language assets
[INFO]: 2019-07-04 17:16:58,517 - Boostraping 'kimbundu' language with []
[WARNING]: 2019-07-04 17:16:58,517 - There is no files to add to 'kimbundu' language assets
[INFO]: 2019-07-04 17:16:58,517 - Boostraping 'kikongo' language with []
[WARNING]: 2019-07-04 17:16:58,517 - There is no files to add to 'kikongo' language assets
[INFO]: 2019-07-04 17:16:58,517 - Boostraping 'tchocue' language with []
[WARNING]: 2019-07-04 17:16:58,517 - There is no files to add to 'tchocue' language assets
[INFO]: 2019-07-04 17:16:58,517 - Boostraping 'portuguese' language with []
[WARNING]: 2019-07-04 17:16:58,517 - There is no files to add to 'portuguese' language assets
[INFO]: 2019-07-04 17:16:58,517 - Boostraping 'english' language with []
[WARNING]: 2019-07-04 17:16:58,517 - There is no files to add to 'english' language assets
[INFO]: 2019-07-04 17:17:00,266 - [Umbundu] Searching 'wamale NDALA havyangeko Mulungu ngandjo'
[INFO]: 2019-07-04 17:17:05,369 - [Umbundu] Searching 'tcha uvandjako Tchokovava TCHIPENDA'
[INFO]: 2019-07-04 17:17:07,078 - [Kimbundu] Searching 'Mumuange Uobe Ihuhu Mbámbe Tuari'
[INFO]: 2019-07-04 17:17:08,692 - [Kimbundu] Searching 'Uixan’ó Eha Amba Ximbuka'
[INFO]: 2019-07-04 17:19:53,892 - Boostraping 'umbundu' language with []
[WARNING]: 2019-07-04 17:19:53,892 - There is no files to add to 'umbundu' language assets
[INFO]: 2019-07-04 17:19:53,892 - Boostraping 'kimbundu' language with []
[WARNING]: 2019-07-04 17:19:53,892 - There is no files to add to 'kimbundu' language assets
[INFO]: 2019-07-04 17:19:53,892 - Boostraping 'kikongo' language with []
[WARNING]: 2019-07-04 17:19:53,892 - There is no files to add to 'kikongo' language assets
[INFO]: 2019-07-04 17:19:53,892 - Boostraping 'tchocue' language with []
[WARNING]: 2019-07-04 17:19:53,892 - There is no files to add to 'tchocue' language assets
[INFO]: 2019-07-04 17:19:53,892 - Boostraping 'portuguese' language with []
[WARNING]: 2019-07-04 17:19:53,892 - There is no files to add to 'portuguese' language assets
[INFO]: 2019-07-04 17:19:53,893 - Boostraping 'english' language with []
[WARNING]: 2019-07-04 17:19:53,893 - There is no files to add to 'english' language assets
[INFO]: 2019-07-04 17:19:54,170 - [Umbundu] Searching 'lyanga NDANDULA UKUPILUKA TCHIKOMO wavisya Ndjamba ÉLIVULO KATCHIKUKUVANDA cinyelela'
[INFO]: 2019-07-04 17:19:56,136 - [Umbundu] Searching 'KATCHIKUKUVANDA otchilombo KASSOVA TCHINONHALE Hossi TCHIVINDA walitanga HENDA Tchissola CAVITA'
[INFO]: 2019-07-04 17:19:57,839 - [Kimbundu] Searching 'muyibinda Mesuátu Mukuvutuka Zala'
[INFO]: 2019-07-04 17:19:59,178 - [Kimbundu] Searching 'twendu tuala Afomuene Kilombelombe Tuamenu'
[INFO]: 2019-07-04 17:21:07,727 - Boostraping 'umbundu' language with []
[WARNING]: 2019-07-04 17:21:07,727 - There is no files to add to 'umbundu' language assets
[INFO]: 2019-07-04 17:21:07,727 - Boostraping 'kimbundu' language with []
[WARNING]: 2019-07-04 17:21:07,727 - There is no files to add to 'kimbundu' language assets
[INFO]: 2019-07-04 17:21:07,727 - Boostraping 'kikongo' language with []
[WARNING]: 2019-07-04 17:21:07,727 - There is no files to add to 'kikongo' language assets
[INFO]: 2019-07-04 17:21:07,727 - Boostraping 'tchocue' language with []
[WARNING]: 2019-07-04 17:21:07,727 - There is no files to add to 'tchocue' language assets
[INFO]: 2019-07-04 17:21:07,727 - Boostraping 'portuguese' language with []
[WARNING]: 2019-07-04 17:21:07,727 - There is no files to add to 'portuguese' language assets
[INFO]: 2019-07-04 17:21:07,727 - Boostraping 'english' language with []
[WARNING]: 2019-07-04 17:21:07,727 - There is no files to add to 'english' language assets
[INFO]: 2019-07-04 17:21:07,991 - [Umbundu] Searching 'okulembeleka ngandjo TCHIMUKU ondumbu kolonjali te KASSINDA'
[INFO]: 2019-07-04 17:21:09,437 - [Umbundu] Searching 'te OKALUNGA tchalwa WELEMA'
[INFO]: 2019-07-04 17:21:11,122 - [Kimbundu] Searching 'lelu Tubala Akalalesa Indembendende ngadite Ngolo Jimbúende'
[INFO]: 2019-07-04 17:21:12,542 - [Kimbundu] Searching 'Usambuka Ajandala Akabula Azambeke Eis Nzuá'
[INFO]: 2019-07-04 17:23:40,008 - Boostraping 'umbundu' language with []
[WARNING]: 2019-07-04 17:23:40,008 - There is no files to add to 'umbundu' language assets
[INFO]: 2019-07-04 17:23:40,008 - Boostraping 'kimbundu' language with []
[WARNING]: 2019-07-04 17:23:40,008 - There is no files to add to 'kimbundu' language assets
[INFO]: 2019-07-04 17:23:40,008 - Boostraping 'kikongo' language with []
[WARNING]: 2019-07-04 17:23:40,008 - There is no files to add to 'kikongo' language assets
[INFO]: 2019-07-04 17:23:40,008 - Boostraping 'tchocue' language with []
[WARNING]: 2019-07-04 17:23:40,008 - There is no files to add to 'tchocue' language assets
[INFO]: 2019-07-04 17:23:40,008 - Boostraping 'portuguese' language with []
[WARNING]: 2019-07-04 17:23:40,008 - There is no files to add to 'portuguese' language assets
[INFO]: 2019-07-04 17:23:40,008 - Boostraping 'english' language with []
[WARNING]: 2019-07-04 17:23:40,008 - There is no files to add to 'english' language assets
[INFO]: 2019-07-04 17:23:40,269 - [Umbundu] Searching 'eyala SAMAHINA Okwete Ndungula okussandjilia'
[INFO]: 2019-07-04 17:23:49,694 - [Umbundu] Searching 'KALITANGUI Enyanga NGOLA OKALUNGA kavinyama Ekumbi'
[INFO]: 2019-07-04 17:23:51,754 - [Kimbundu] Searching 'Njimbu te Majinu kwehi kibetu za Xê'
[INFO]: 2019-07-04 17:23:52,374 - [Kimbundu] Searching 'Kanduka atambujila Kuata wakijilye'
[INFO]: 2019-07-04 17:25:54,804 - Boostraping 'umbundu' language with []
[WARNING]: 2019-07-04 17:25:54,804 - There is no files to add to 'umbundu' language assets
[INFO]: 2019-07-04 17:25:54,805 - Boostraping 'kimbundu' language with []
[WARNING]: 2019-07-04 17:25:54,805 - There is no files to add to 'kimbundu' language assets
[INFO]: 2019-07-04 17:25:54,805 - Boostraping 'kikongo' language with []
[WARNING]: 2019-07-04 17:25:54,805 - There is no files to add to 'kikongo' language assets
[INFO]: 2019-07-04 17:25:54,805 - Boostraping 'tchocue' language with []
[WARNING]: 2019-07-04 17:25:54,805 - There is no files to add to 'tchocue' language assets
[INFO]: 2019-07-04 17:25:54,805 - Boostraping 'portuguese' language with []
[WARNING]: 2019-07-04 17:25:54,805 - There is no files to add to 'portuguese' language assets
[INFO]: 2019-07-04 17:25:54,805 - Boostraping 'english' language with []
[WARNING]: 2019-07-04 17:25:54,805 - There is no files to add to 'english' language assets
[INFO]: 2019-07-04 17:25:55,069 - [Umbundu] Searching 'liseya tchipuma XALIPÓ kaindanda KALUNDUNGU'
[INFO]: 2019-07-04 17:25:56,486 - [Umbundu] Searching 'KALEYI TCHIPILIKA HANDANGA LUSSATI TCHIPILIKA Ndandulako ovita'
[INFO]: 2019-07-04 17:25:58,288 - [Kimbundu] Searching 'Kuzola Tuana Xiri Buamoxi Laleka'
[INFO]: 2019-07-04 17:26:00,049 - [Kimbundu] Searching 'Uendésa Bolekenu Tenu-matari Kubatula Ngololo'
[INFO]: 2019-07-04 17:27:53,126 - Boostraping 'umbundu' language with []
[WARNING]: 2019-07-04 17:27:53,126 - There is no files to add to 'umbundu' language assets
[INFO]: 2019-07-04 17:27:53,126 - Boostraping 'kimbundu' language with []
[WARNING]: 2019-07-04 17:27:53,126 - There is no files to add to 'kimbundu' language assets
[INFO]: 2019-07-04 17:27:53,126 - Boostraping 'kikongo' language with []
[WARNING]: 2019-07-04 17:27:53,126 - There is no files to add to 'kikongo' language assets
[INFO]: 2019-07-04 17:27:53,126 - Boostraping 'tchocue' language with []
[WARNING]: 2019-07-04 17:27:53,126 - There is no files to add to 'tchocue' language assets
[INFO]: 2019-07-04 17:27:53,126 - Boostraping 'portuguese' language with []
[WARNING]: 2019-07-04 17:27:53,126 - There is no files to add to 'portuguese' language assets
[INFO]: 2019-07-04 17:27:53,127 - Boostraping 'english' language with []
[WARNING]: 2019-07-04 17:27:53,127 - There is no files to add to 'english' language assets
[INFO]: 2019-07-04 17:27:53,387 - [Umbundu] Searching 'Ndungula tchitulatula otchivimbi kahañgu ELAVOKO Lililili onyanle omahini utwe'
[INFO]: 2019-07-04 17:27:55,157 - [Umbundu] Searching 'Ndalu EPALANGA ondala MOMA'
[INFO]: 2019-07-04 17:27:56,884 - [Kimbundu] Searching 'Zemeka jimbongo y’etu Sakala Hanga Jingundu helesa Ngelelu'
[INFO]: 2019-07-04 17:27:58,470 - [Kimbundu] Searching 'Jipolo Ngenji Akohuene Inêta Kakiezu kudyala Pánda Hima Ulalu EXEMPLOS'
[INFO]: 2019-07-04 17:29:08,500 - Boostraping 'umbundu' language with []
[WARNING]: 2019-07-04 17:29:08,500 - There is no files to add to 'umbundu' language assets
[INFO]: 2019-07-04 17:29:08,500 - Boostraping 'kimbundu' language with []
[WARNING]: 2019-07-04 17:29:08,500 - There is no files to add to 'kimbundu' language assets
[INFO]: 2019-07-04 17:29:08,501 - Boostraping 'kikongo' language with []
[WARNING]: 2019-07-04 17:29:08,501 - There is no files to add to 'kikongo' language assets
[INFO]: 2019-07-04 17:29:08,501 - Boostraping 'tchocue' language with []
[WARNING]: 2019-07-04 17:29:08,501 - There is no files to add to 'tchocue' language assets
[INFO]: 2019-07-04 17:29:08,501 - Boostraping 'portuguese' language with []
[WARNING]: 2019-07-04 17:29:08,501 - There is no files to add to 'portuguese' language assets
[INFO]: 2019-07-04 17:29:08,501 - Boostraping 'english' language with []
[WARNING]: 2019-07-04 17:29:08,501 - There is no files to add to 'english' language assets
[INFO]: 2019-07-04 17:29:08,759 - [Umbundu] Searching 'Kussumua vukulo oko katchukutundi kaindanda NAMBUNDI'
[INFO]: 2019-07-04 17:29:09,391 - [Umbundu] Searching 'otchivinda MUNGA calisokele KALUNGA yusi omuku'
[INFO]: 2019-07-04 17:29:11,525 - [Kimbundu] Searching 'kuwatula Akombuele Abangujuluile mukuata'
[INFO]: 2019-07-04 17:29:12,828 - [Kimbundu] Searching 'tu Zalelenu atambwisa Mbemba Akakamesa uambote Ta-mungua Mundundu Kukingila Tuijia'
[INFO]: 2019-07-04 17:29:43,599 - Boostraping 'umbundu' language with []
[WARNING]: 2019-07-04 17:29:43,599 - There is no files to add to 'umbundu' language assets
[INFO]: 2019-07-04 17:29:43,599 - Boostraping 'kimbundu' language with []
[WARNING]: 2019-07-04 17:29:43,599 - There is no files to add to 'kimbundu' language assets
[INFO]: 2019-07-04 17:29:43,599 - Boostraping 'kikongo' language with []
[WARNING]: 2019-07-04 17:29:43,599 - There is no files to add to 'kikongo' language assets
[INFO]: 2019-07-04 17:29:43,599 - Boostraping 'tchocue' language with []
[WARNING]: 2019-07-04 17:29:43,599 - There is no files to add to 'tchocue' language assets
[INFO]: 2019-07-04 17:29:43,599 - Boostraping 'portuguese' language with []
[WARNING]: 2019-07-04 17:29:43,599 - There is no files to add to 'portuguese' language assets
[INFO]: 2019-07-04 17:29:43,599 - Boostraping 'english' language with []
[WARNING]: 2019-07-04 17:29:43,599 - There is no files to add to 'english' language assets
[INFO]: 2019-07-04 17:29:43,863 - [Umbundu] Searching 'uvandjako tchiyunda hukawinesi VIHEMBA ngolo MOKO ONDJO cosi,cosi'
[INFO]: 2019-07-04 17:29:45,218 - [Umbundu] Searching 'Omõla ocikwama Ukuakutema TCHIKUKUMA'
[INFO]: 2019-07-04 17:29:46,637 - [Kimbundu] Searching 'ukamba Mukangu Ehelenu Muloji kanaku Kangana Kibombe KU Kota este'
[INFO]: 2019-07-04 17:29:47,101 - [Kimbundu] Searching 'Bêta Ambùla Kakiezu Ibuka jipata'
[INFO]: 2019-07-04 17:30:07,974 - Boostraping 'umbundu' language with []
[WARNING]: 2019-07-04 17:30:07,974 - There is no files to add to 'umbundu' language assets
[INFO]: 2019-07-04 17:30:07,974 - Boostraping 'kimbundu' language with []
[WARNING]: 2019-07-04 17:30:07,974 - There is no files to add to 'kimbundu' language assets
[INFO]: 2019-07-04 17:30:07,974 - Boostraping 'kikongo' language with []
[WARNING]: 2019-07-04 17:30:07,974 - There is no files to add to 'kikongo' language assets
[INFO]: 2019-07-04 17:30:07,974 - Boostraping 'tchocue' language with []
[WARNING]: 2019-07-04 17:30:07,974 - There is no files to add to 'tchocue' language assets
[INFO]: 2019-07-04 17:30:07,974 - Boostraping 'portuguese' language with []
[WARNING]: 2019-07-04 17:30:07,974 - There is no files to add to 'portuguese' language assets
[INFO]: 2019-07-04 17:30:07,974 - Boostraping 'english' language with []
[WARNING]: 2019-07-04 17:30:07,974 - There is no files to add to 'english' language assets
[INFO]: 2019-07-04 17:30:08,241 - [Umbundu] Searching 'tchinosole lyanga Vita KANGANDJO Sindjekumbi Ndandulako EYALA MULUNGO tchukwihã'
[INFO]: 2019-07-04 17:30:10,091 - [Umbundu] Searching 'katchukusole Kanhanga NATUMBU eye Mulungu'
[INFO]: 2019-07-04 17:30:11,808 - [Kimbundu] Searching 'Imbisa mufudisa y’etu ukumbulule buoso'
[INFO]: 2019-07-04 17:30:13,553 - [Kimbundu] Searching 'kusansumuka WA Ualála!Úalála Abatujuile Ngambi Ubukumuka Bandenu'
[INFO]: 2019-07-04 17:31:27,308 - Boostraping 'umbundu' language with []
[WARNING]: 2019-07-04 17:31:27,308 - There is no files to add to 'umbundu' language assets
[INFO]: 2019-07-04 17:31:27,308 - Boostraping 'kimbundu' language with []
[WARNING]: 2019-07-04 17:31:27,308 - There is no files to add to 'kimbundu' language assets
[INFO]: 2019-07-04 17:31:27,309 - Boostraping 'kikongo' language with []
[WARNING]: 2019-07-04 17:31:27,309 - There is no files to add to 'kikongo' language assets
[INFO]: 2019-07-04 17:31:27,309 - Boostraping 'tchocue' language with []
[WARNING]: 2019-07-04 17:31:27,309 - There is no files to add to 'tchocue' language assets
[INFO]: 2019-07-04 17:31:27,309 - Boostraping 'portuguese' language with []
[WARNING]: 2019-07-04 17:31:27,309 - There is no files to add to 'portuguese' language assets
[INFO]: 2019-07-04 17:31:27,309 - Boostraping 'english' language with []
[WARNING]: 2019-07-04 17:31:27,309 - There is no files to add to 'english' language assets
[INFO]: 2019-07-04 17:31:27,566 - [Umbundu] Searching 'tchalwa MOMA tchina itito otehã wamale tchamãle okulembeleka'
[INFO]: 2019-07-04 17:31:29,447 - [Umbundu] Searching 'owelema ondala watchilya OTCHINDELÉmak'
[INFO]: 2019-07-04 17:31:31,035 - [Kimbundu] Searching 'Asakelele Mbungu mê Nukombienu jinzumbi Azanguile beta Jiba Ajijika mwahakele'
[INFO]: 2019-07-04 17:31:32,526 - [Kimbundu] Searching 'kutululuka onjimbu Luonene Andála'
[INFO]: 2019-07-04 17:32:09,492 - Boostraping 'umbundu' language with []
[WARNING]: 2019-07-04 17:32:09,492 - There is no files to add to 'umbundu' language assets
[INFO]: 2019-07-04 17:32:09,492 - Boostraping 'kimbundu' language with []
[WARNING]: 2019-07-04 17:32:09,492 - There is no files to add to 'kimbundu' language assets
[INFO]: 2019-07-04 17:32:09,492 - Boostraping 'kikongo' language with []
[WARNING]: 2019-07-04 17:32:09,492 - There is no files to add to 'kikongo' language assets
[INFO]: 2019-07-04 17:32:09,492 - Boostraping 'tchocue' language with []
[WARNING]: 2019-07-04 17:32:09,492 - There is no files to add to 'tchocue' language assets
[INFO]: 2019-07-04 17:32:09,492 - Boostraping 'portuguese' language with []
[WARNING]: 2019-07-04 17:32:09,492 - There is no files to add to 'portuguese' language assets
[INFO]: 2019-07-04 17:32:09,492 - Boostraping 'english' language with []
[WARNING]: 2019-07-04 17:32:09,493 - There is no files to add to 'english' language assets
[INFO]: 2019-07-04 17:32:09,755 - [Umbundu] Searching 'okwete XALIPÓ Sindjekumbi TCHIKUKUMA LUKAMBA kahañgu ongongo'
[INFO]: 2019-07-04 17:32:11,332 - [Umbundu] Searching 'Ndjamba vyanahe ondumbu MOKO HANDANGA NHIMAWA ovikundo” lika cosi,cosi utale'
[INFO]: 2019-07-04 17:32:12,680 - [Kimbundu] Searching 'Mbongo Jimbuisenu Jinjimba Boxi Sanzala Rianga Tukuluisa okuzwela'
[INFO]: 2019-07-04 17:32:14,490 - [Kimbundu] Searching 'Tunuietu kafundu jipata Rixi Muthu Mon’ê kuna Tutuluka Ngiz’ó'
[INFO]: 2019-07-04 17:40:25,254 - Boostraping 'umbundu' language with []
[WARNING]: 2019-07-04 17:40:25,254 - There is no files to add to 'umbundu' language assets
[INFO]: 2019-07-04 17:40:25,254 - Boostraping 'kimbundu' language with []
[WARNING]: 2019-07-04 17:40:25,254 - There is no files to add to 'kimbundu' language assets
[INFO]: 2019-07-04 17:40:25,254 - Boostraping 'kikongo' language with []
[WARNING]: 2019-07-04 17:40:25,254 - There is no files to add to 'kikongo' language assets
[INFO]: 2019-07-04 17:40:25,254 - Boostraping 'tchocue' language with []
[WARNING]: 2019-07-04 17:40:25,254 - There is no files to add to 'tchocue' language assets
[INFO]: 2019-07-04 17:40:25,254 - Boostraping 'portuguese' language with []
[WARNING]: 2019-07-04 17:40:25,254 - There is no files to add to 'portuguese' language assets
[INFO]: 2019-07-04 17:40:25,255 - Boostraping 'english' language with []
[WARNING]: 2019-07-04 17:40:25,255 - There is no files to add to 'english' language assets
[INFO]: 2019-07-04 17:40:25,522 - [Umbundu] Searching 'iya KUMOLA ovikundo” liseya SAVIMBI Omõla polê NDANDULA'
[INFO]: 2019-07-04 17:40:27,254 - [Umbundu] Searching 'elumbu kwokwo tchika vukulo TCHIPILIKA'
[INFO]: 2019-07-04 17:40:27,713 - [Kimbundu] Searching 'Fundungulu Azokesa Jimbanda Sakirilenu'
[INFO]: 2019-07-04 17:40:29,245 - [Kimbundu] Searching 'Kuazá Ajikuka kumakowe Ajinga Babeka'
[INFO]: 2019-07-04 17:41:29,878 - Boostraping 'umbundu' language with []
[WARNING]: 2019-07-04 17:41:29,878 - There is no files to add to 'umbundu' language assets
[INFO]: 2019-07-04 17:41:29,878 - Boostraping 'kimbundu' language with []
[WARNING]: 2019-07-04 17:41:29,878 - There is no files to add to 'kimbundu' language assets
[INFO]: 2019-07-04 17:41:29,878 - Boostraping 'kikongo' language with []
[WARNING]: 2019-07-04 17:41:29,878 - There is no files to add to 'kikongo' language assets
[INFO]: 2019-07-04 17:41:29,878 - Boostraping 'tchocue' language with []
[WARNING]: 2019-07-04 17:41:29,878 - There is no files to add to 'tchocue' language assets
[INFO]: 2019-07-04 17:41:29,878 - Boostraping 'portuguese' language with []
[WARNING]: 2019-07-04 17:41:29,878 - There is no files to add to 'portuguese' language assets
[INFO]: 2019-07-04 17:41:29,878 - Boostraping 'english' language with []
[WARNING]: 2019-07-04 17:41:29,878 - There is no files to add to 'english' language assets
[INFO]: 2019-07-04 17:41:30,144 - [Umbundu] Searching 'walunga vipwapo otela MULUNGO TCHINONHALE otchivinda Tchokovava omahini'
[INFO]: 2019-07-04 17:41:31,889 - [Umbundu] Searching 'KANGUYA tchi KAPITANGO kwatcho MULUNGO ohossi'
[INFO]: 2019-07-04 17:41:33,835 - [Kimbundu] Searching 'mabhya Rikanji jimbongo Tonokena Asukuile ao kubangesa wisa'
[INFO]: 2019-07-04 17:41:35,118 - [Kimbundu] Searching 'Kamburi Kuambata Kukingila Muene'
[INFO]: 2019-07-04 17:50:13,903 - Boostraping 'umbundu' language with []
[WARNING]: 2019-07-04 17:50:13,903 - There is no files to add to 'umbundu' language assets
[INFO]: 2019-07-04 17:50:13,903 - Boostraping 'kimbundu' language with []
[WARNING]: 2019-07-04 17:50:13,903 - There is no files to add to 'kimbundu' language assets
[INFO]: 2019-07-04 17:50:13,903 - Boostraping 'kikongo' language with []
[WARNING]: 2019-07-04 17:50:13,903 - There is no files to add to 'kikongo' language assets
[INFO]: 2019-07-04 17:50:13,903 - Boostraping 'tchocue' language with []
[WARNING]: 2019-07-04 17:50:13,903 - There is no files to add to 'tchocue' language assets
[INFO]: 2019-07-04 17:50:13,903 - Boostraping 'portuguese' language with []
[WARNING]: 2019-07-04 17:50:13,903 - There is no files to add to 'portuguese' language assets
[INFO]: 2019-07-04 17:50:13,903 - Boostraping 'english' language with []
[WARNING]: 2019-07-04 17:50:13,903 - There is no files to add to 'english' language assets
[INFO]: 2019-07-04 17:50:14,196 - [Umbundu] Searching 'Mulungu MUHONGO p’otchimanda TCHIVINDA'
[INFO]: 2019-07-04 17:50:15,797 - [Umbundu] Searching 'ossoma Vita tchinosole ohossi'
[INFO]: 2019-07-04 17:50:17,586 - [Kimbundu] Searching 'kilukuluku Bonzenu Alundula Boxilenu Tukulukila kuxikana kyavala'
[INFO]: 2019-07-04 17:50:18,982 - [Kimbundu] Searching 'Unua Ajitu Ameneka KISAMBUADI Ene Lokola Uabelesela'
